<?xml version="1.0" encoding="UTF-8"?>
<!-- Generated by org.testng.reporters.JUnitReportReporter -->
<testsuite hostname="LAPTOP-UBQPUFNI" name="testngfailedcases.Failedtestcases" tests="2" failures="0" timestamp="2 Mar 2025 17:18:09 GMT" time="0.028" errors="0">
  <testcase name="verifyHomepage" time="0.027" classname="testngfailedcases.Failedtestcases"/>
  <testcase name="verifyHomepage" time="0.001" classname="testngfailedcases.Failedtestcases"/>
</testsuite> <!-- testngfailedcases.Failedtestcases -->
