<?xml version="1.0" encoding="UTF-8"?>
<!-- Generated by org.testng.reporters.JUnitReportReporter -->
<testsuite hostname="LAPTOP-UBQPUFNI" name="com.qa.testng.Basicsoftestnng" tests="3" failures="0" timestamp="24 Feb 2025 18:29:48 GMT" time="0.039" errors="0">
  <testcase name="List" time="0.003" classname="com.qa.testng.Basicsoftestnng"/>
  <testcase name="cartpage" time="0.026" classname="com.qa.testng.Basicsoftestnng"/>
  <testcase name="HomePage" time="0.010" classname="com.qa.testng.Basicsoftestnng"/>
</testsuite> <!-- com.qa.testng.Basicsoftestnng -->
