<?xml version="1.0" encoding="UTF-8"?>
<!-- Generated by org.testng.reporters.JUnitReportReporter -->
<testsuite hostname="LAPTOP-UBQPUFNI" name="com.qa.testng.Basicsoftestnng" tests="3" failures="0" timestamp="26 Dec 2024 16:34:40 GMT" time="0.016" errors="0">
  <testcase name="cartpage" time="0.016" classname="com.qa.testng.Basicsoftestnng"/>
  <testcase name="HomePage" time="0.000" classname="com.qa.testng.Basicsoftestnng"/>
  <testcase name="List" time="0.000" classname="com.qa.testng.Basicsoftestnng"/>
</testsuite> <!-- com.qa.testng.Basicsoftestnng -->
