<?xml version="1.0" encoding="UTF-8"?>
<!-- Generated by org.testng.reporters.JUnitReportReporter -->
<testsuite hostname="LAPTOP-UBQPUFNI" name="com.qa.testng.Datadriventestng" tests="2" failures="0" timestamp="28 Dec 2024 06:28:03 GMT" time="63.616" errors="0">
  <testcase name="loginTest" time="29.044" classname="com.qa.testng.Datadriventestng"/>
  <testcase name="loginTest" time="34.572" classname="com.qa.testng.Datadriventestng"/>
</testsuite> <!-- com.qa.testng.Datadriventestng -->
