<?xml version="1.0" encoding="UTF-8"?>
<!-- Generated by org.testng.reporters.JUnitReportReporter -->
<testsuite hostname="LAPTOP-UBQPUFNI" name="com.atlasian.qa.test.LoginPageTestCases" tests="2" failures="0" timestamp="21 Oct 2024 14:34:38 GMT" time="36.396" errors="0">
  <testcase name="verifyTitle" time="7.661" classname="com.atlasian.qa.test.LoginPageTestCases"/>
  <testcase name="verifylogin" time="28.735" classname="com.atlasian.qa.test.LoginPageTestCases"/>
</testsuite> <!-- com.atlasian.qa.test.LoginPageTestCases -->
